{
  "stats": {
    "suites": 1,
    "tests": 3,
    "passes": 3,
    "pending": 0,
    "failures": 0,
    "start": "2023-06-08T18:18:10.711Z",
    "end": "2023-06-08T18:18:35.099Z",
    "duration": 24388,
    "testsRegistered": 3,
    "passPercent": 100,
    "pendingPercent": 0,
    "other": 0,
    "hasOther": false,
    "skipped": 0,
    "hasSkipped": false
  },
  "results": [
    {
      "uuid": "2e537826-96de-404b-b736-33e429abce86",
      "title": "",
      "fullFile": "cypress\\e2e\\login.cy.js",
      "file": "cypress\\e2e\\login.cy.js",
      "beforeHooks": [],
      "afterHooks": [],
      "tests": [],
      "suites": [
        {
          "uuid": "6d0b6888-d5f1-4803-94d5-72957ef4cb8a",
          "title": "Funcionalidade Login",
          "fullFile": "",
          "file": "",
          "beforeHooks": [],
          "afterHooks": [],
          "tests": [
            {
              "title": "Login com sucesso usando Comando customizado",
              "fullTitle": "Funcionalidade Login Login com sucesso usando Comando customizado",
              "timedOut": null,
              "duration": 8721,
              "state": "passed",
              "speed": "medium",
              "pass": true,
              "fail": false,
              "pending": false,
              "context": null,
              "code": "cy.login(dadosLogin.usuario, dadosLogin.senha);\ncy.get('.page-title').should('contain', 'Minha conta');",
              "err": {},
              "uuid": "45bbf445-438c-4412-a7e4-30efa8d4e0a9",
              "parentUUID": "6d0b6888-d5f1-4803-94d5-72957ef4cb8a",
              "isHook": false,
              "skipped": false
            },
            {
              "title": "Login usando fixture",
              "fullTitle": "Funcionalidade Login Login usando fixture",
              "timedOut": null,
              "duration": 5102,
              "state": "passed",
              "speed": "medium",
              "pass": true,
              "fail": false,
              "pending": false,
              "context": null,
              "code": "cy.fixture('perfil').then(dados => {\n  cy.login(dados.usuario, dados.senha);\n});\ncy.get('.page-title').should('contain', 'Minha conta');",
              "err": {},
              "uuid": "25d399b1-8b6d-4960-ab41-0cf0b95136e2",
              "parentUUID": "6d0b6888-d5f1-4803-94d5-72957ef4cb8a",
              "isHook": false,
              "skipped": false
            },
            {
              "title": "Deve fazer login com sucesso - sem otimização",
              "fullTitle": "Funcionalidade Login Deve fazer login com sucesso - sem otimização",
              "timedOut": null,
              "duration": 5807,
              "state": "passed",
              "speed": "medium",
              "pass": true,
              "fail": false,
              "pending": false,
              "context": null,
              "code": "cy.get('#username').type(dadosLogin.usuario);\ncy.get('#password').type(dadosLogin.senha, {\n  log: false\n});\ncy.get('.woocommerce-form > .button').click();\ncy.get('.page-title').should('contain', 'Minha conta');\ncy.get('.woocommerce-MyAccount-content > :nth-child(2)').should('contain', 'Olá, Aluno');",
              "err": {},
              "uuid": "08225fb0-6a68-493f-85d3-bc7225a32519",
              "parentUUID": "6d0b6888-d5f1-4803-94d5-72957ef4cb8a",
              "isHook": false,
              "skipped": false
            }
          ],
          "suites": [],
          "passes": [
            "45bbf445-438c-4412-a7e4-30efa8d4e0a9",
            "25d399b1-8b6d-4960-ab41-0cf0b95136e2",
            "08225fb0-6a68-493f-85d3-bc7225a32519"
          ],
          "failures": [],
          "pending": [],
          "skipped": [],
          "duration": 19630,
          "root": false,
          "rootEmpty": false,
          "_timeout": 2000
        }
      ],
      "passes": [],
      "failures": [],
      "pending": [],
      "skipped": [],
      "duration": 0,
      "root": true,
      "rootEmpty": true,
      "_timeout": 2000
    }
  ],
  "meta": {
    "mocha": {
      "version": "7.0.1"
    },
    "mochawesome": {
      "options": {
        "quiet": false,
        "reportFilename": "mochawesome",
        "saveHtml": false,
        "saveJson": true,
        "consoleReporter": "spec",
        "useInlineDiffs": false,
        "code": true
      },
      "version": "7.1.3"
    },
    "marge": {
      "options": {
        "reportDir": "mochawesome-report",
        "overwrite": false,
        "html": false,
        "json": true
      },
      "version": "6.2.0"
    }
  }
}