{
  "stats": {
    "suites": 2,
    "tests": 4,
    "passes": 4,
    "pending": 0,
    "failures": 0,
    "testsRegistered": 4,
    "passPercent": 100,
    "pendingPercent": 0,
    "other": 0,
    "hasOther": false,
    "skipped": 0,
    "hasSkipped": false,
    "start": "2023-06-08T18:12:25.734Z",
    "end": "2023-06-08T18:18:35.099Z",
    "duration": 369365
  },
  "results": [
    {
      "uuid": "2e537826-96de-404b-b736-33e429abce86",
      "title": "",
      "fullFile": "cypress\\e2e\\login.cy.js",
      "file": "cypress\\e2e\\login.cy.js",
      "beforeHooks": [],
      "afterHooks": [],
      "tests": [],
      "suites": [
        {
          "uuid": "6d0b6888-d5f1-4803-94d5-72957ef4cb8a",
          "title": "Funcionalidade Login",
          "fullFile": "",
          "file": "",
          "beforeHooks": [],
          "afterHooks": [],
          "tests": [
            {
              "title": "Login com sucesso usando Comando customizado",
              "fullTitle": "Funcionalidade Login Login com sucesso usando Comando customizado",
              "timedOut": null,
              "duration": 8721,
              "state": "passed",
              "speed": "medium",
              "pass": true,
              "fail": false,
              "pending": false,
              "context": null,
              "code": "cy.login(dadosLogin.usuario, dadosLogin.senha);\ncy.get('.page-title').should('contain', 'Minha conta');",
              "err": {},
              "uuid": "45bbf445-438c-4412-a7e4-30efa8d4e0a9",
              "parentUUID": "6d0b6888-d5f1-4803-94d5-72957ef4cb8a",
              "isHook": false,
              "skipped": false
            },
            {
              "title": "Login usando fixture",
              "fullTitle": "Funcionalidade Login Login usando fixture",
              "timedOut": null,
              "duration": 5102,
              "state": "passed",
              "speed": "medium",
              "pass": true,
              "fail": false,
              "pending": false,
              "context": null,
              "code": "cy.fixture('perfil').then(dados => {\n  cy.login(dados.usuario, dados.senha);\n});\ncy.get('.page-title').should('contain', 'Minha conta');",
              "err": {},
              "uuid": "25d399b1-8b6d-4960-ab41-0cf0b95136e2",
              "parentUUID": "6d0b6888-d5f1-4803-94d5-72957ef4cb8a",
              "isHook": false,
              "skipped": false
            },
            {
              "title": "Deve fazer login com sucesso - sem otimização",
              "fullTitle": "Funcionalidade Login Deve fazer login com sucesso - sem otimização",
              "timedOut": null,
              "duration": 5807,
              "state": "passed",
              "speed": "medium",
              "pass": true,
              "fail": false,
              "pending": false,
              "context": null,
              "code": "cy.get('#username').type(dadosLogin.usuario);\ncy.get('#password').type(dadosLogin.senha, {\n  log: false\n});\ncy.get('.woocommerce-form > .button').click();\ncy.get('.page-title').should('contain', 'Minha conta');\ncy.get('.woocommerce-MyAccount-content > :nth-child(2)').should('contain', 'Olá, Aluno');",
              "err": {},
              "uuid": "08225fb0-6a68-493f-85d3-bc7225a32519",
              "parentUUID": "6d0b6888-d5f1-4803-94d5-72957ef4cb8a",
              "isHook": false,
              "skipped": false
            }
          ],
          "suites": [],
          "passes": [
            "45bbf445-438c-4412-a7e4-30efa8d4e0a9",
            "25d399b1-8b6d-4960-ab41-0cf0b95136e2",
            "08225fb0-6a68-493f-85d3-bc7225a32519"
          ],
          "failures": [],
          "pending": [],
          "skipped": [],
          "duration": 19630,
          "root": false,
          "rootEmpty": false,
          "_timeout": 2000
        }
      ],
      "passes": [],
      "failures": [],
      "pending": [],
      "skipped": [],
      "duration": 0,
      "root": true,
      "rootEmpty": true,
      "_timeout": 2000
    },
    {
      "uuid": "126da61c-e84b-4b91-84b9-6bc3ec01bd22",
      "title": "",
      "fullFile": "cypress\\e2e\\e2e.cy.js",
      "file": "cypress\\e2e\\e2e.cy.js",
      "beforeHooks": [],
      "afterHooks": [],
      "tests": [],
      "suites": [
        {
          "uuid": "579f585f-b283-485c-946b-6f590919b55f",
          "title": "Exercicio - Testes End-to-end - Fluxo de pedido",
          "fullFile": "",
          "file": "",
          "beforeHooks": [],
          "afterHooks": [],
          "tests": [
            {
              "title": "Fluxo de compra na automação",
              "fullTitle": "Exercicio - Testes End-to-end - Fluxo de pedido Fluxo de compra na automação",
              "timedOut": null,
              "duration": 243376,
              "state": "passed",
              "speed": "slow",
              "pass": true,
              "fail": false,
              "pending": false,
              "context": null,
              "code": "cy.get('.icon-user-unfollow').click();\ncy.fixture('perfil').then(dados => {\n  cy.login(dados.usuario, dados.senha);\n});\ncy.get('.page-title').should('contain', 'Minha conta');\n//login\ncy.editarEntrega(faker.name.firstName(), faker.name.lastName(), faker.company.name(), 'Brasil', faker.address.streetAddress(), faker.address.secondaryAddress(), faker.address.cityName(), 'Paraná', faker.address.zipCode('#####-###')); //endereço de entrega por comando customizado\ncy.addProduto('Abominable Hoodie', 'M', 'Blue', 1);\ncy.addProduto('Grayson Crewneck Sweatshirt', 'L', 'White', 1);\ncy.addProduto('Thorpe Track Pant', '36', 'Purple', 1);\ncy.addProduto('Typhon Performance Fleece-lined Jacket', 'XL', 'Black', 1);\n//produtos adicionados pela aba de 'busca'\n_faturamentoPage.default.editFaturamento(dadosEndereço[0].nome, dadosEndereço[0].sobrenome, dadosEndereço[0].empresa, dadosEndereço[0].pais, dadosEndereço[0].endereço, dadosEndereço[0].numero, dadosEndereço[0].cidade, dadosEndereço[0].estado, dadosEndereço[0].cep, dadosEndereço[0].telefone, dadosEndereço[0].email);\n//faturamento importado via page objects\ncy.get('#terms').click();\ncy.get('#place_order').click();\ncy.get('.woocommerce-notice').should('contain', 'Obrigado. Seu pedido foi recebido.');",
              "err": {},
              "uuid": "287c9cbd-afd5-416a-9d8a-52dd946e3a16",
              "parentUUID": "579f585f-b283-485c-946b-6f590919b55f",
              "isHook": false,
              "skipped": false
            }
          ],
          "suites": [],
          "passes": [
            "287c9cbd-afd5-416a-9d8a-52dd946e3a16"
          ],
          "failures": [],
          "pending": [],
          "skipped": [],
          "duration": 243376,
          "root": false,
          "rootEmpty": false,
          "_timeout": 2000
        }
      ],
      "passes": [],
      "failures": [],
      "pending": [],
      "skipped": [],
      "duration": 0,
      "root": true,
      "rootEmpty": true,
      "_timeout": 2000
    }
  ],
  "meta": {
    "mocha": {
      "version": "7.0.1"
    },
    "mochawesome": {
      "options": {
        "quiet": false,
        "reportFilename": "mochawesome",
        "saveHtml": false,
        "saveJson": true,
        "consoleReporter": "spec",
        "useInlineDiffs": false,
        "code": true
      },
      "version": "7.1.3"
    },
    "marge": {
      "options": {
        "reportDir": "mochawesome-report",
        "overwrite": false,
        "html": false,
        "json": true
      },
      "version": "6.2.0"
    }
  }
}